ERROR - 2025-01-08 00:21:49 --> Error connecting to the database: Unknown database 'kursus_mengemudi'
CRITICAL - 2025-01-08 00:21:49 --> Unable to connect to the database.
Main connection [MySQLi]: Unknown database 'kursus_mengemudi'
in SYSTEMPATH\Database\BaseConnection.php on line 415.
 1 SYSTEMPATH\Database\BaseConnection.php(585): CodeIgniter\Database\BaseConnection->initialize()
 2 SYSTEMPATH\Database\BaseBuilder.php(1585): CodeIgniter\Database\BaseConnection->query('SELECT *
FROM `users`
WHERE `username` = :username:
AND `password` = :password:
 LIMIT 1', [...], false)
 3 SYSTEMPATH\Model.php(249): CodeIgniter\Database\BaseBuilder->get()
 4 SYSTEMPATH\BaseModel.php(622): CodeIgniter\Model->doFirst()
 5 APPPATH\Controllers\AuthController.php(25): CodeIgniter\BaseModel->first()
 6 SYSTEMPATH\CodeIgniter.php(898): App\Controllers\AuthController->loginProcess()
 7 SYSTEMPATH\CodeIgniter.php(468): CodeIgniter\CodeIgniter->runController(Object(App\Controllers\AuthController))
 8 SYSTEMPATH\CodeIgniter.php(351): CodeIgniter\CodeIgniter->handleRequest(null, Object(Config\Cache), false)
 9 FCPATH\index.php(55): CodeIgniter\CodeIgniter->run()
10 SYSTEMPATH\Commands\Server\rewrite.php(43): require_once('FCPATH\\index.php')
ERROR - 2025-01-08 00:26:22 --> Error connecting to the database: Unknown database 'kursus_mengemudi'
CRITICAL - 2025-01-08 00:44:38 --> The namespace delimiter is a backslash (\), not a slash (/). Route handler: \App\Controllers\Auth/AuthController::login
in SYSTEMPATH\Router\Router.php on line 466.
 1 SYSTEMPATH\Router\Router.php(466): CodeIgniter\Router\Exceptions\RouterException::forInvalidControllerName('\\App\\Controllers\\Auth/AuthController::login')
 2 SYSTEMPATH\Router\Router.php(181): CodeIgniter\Router\Router->checkRoutes('auth/login')
 3 SYSTEMPATH\CodeIgniter.php(773): CodeIgniter\Router\Router->handle('auth/login')
 4 SYSTEMPATH\CodeIgniter.php(417): CodeIgniter\CodeIgniter->tryToRouteIt(Object(CodeIgniter\Router\RouteCollection))
 5 SYSTEMPATH\CodeIgniter.php(351): CodeIgniter\CodeIgniter->handleRequest(null, Object(Config\Cache), false)
 6 FCPATH\index.php(55): CodeIgniter\CodeIgniter->run()
 7 SYSTEMPATH\Commands\Server\rewrite.php(43): require_once('FCPATH\\index.php')
CRITICAL - 2025-01-08 00:44:44 --> The namespace delimiter is a backslash (\), not a slash (/). Route handler: \App\Controllers\Auth/AuthController::login
in SYSTEMPATH\Router\Router.php on line 466.
 1 SYSTEMPATH\Router\Router.php(466): CodeIgniter\Router\Exceptions\RouterException::forInvalidControllerName('\\App\\Controllers\\Auth/AuthController::login')
 2 SYSTEMPATH\Router\Router.php(181): CodeIgniter\Router\Router->checkRoutes('auth/login')
 3 SYSTEMPATH\CodeIgniter.php(773): CodeIgniter\Router\Router->handle('auth/login')
 4 SYSTEMPATH\CodeIgniter.php(417): CodeIgniter\CodeIgniter->tryToRouteIt(Object(CodeIgniter\Router\RouteCollection))
 5 SYSTEMPATH\CodeIgniter.php(351): CodeIgniter\CodeIgniter->handleRequest(null, Object(Config\Cache), false)
 6 FCPATH\index.php(55): CodeIgniter\CodeIgniter->run()
 7 SYSTEMPATH\Commands\Server\rewrite.php(43): require_once('FCPATH\\index.php')
CRITICAL - 2025-01-08 00:46:31 --> The namespace delimiter is a backslash (\), not a slash (/). Route handler: \App\Controllers\Auth/AuthController::login
in SYSTEMPATH\Router\Router.php on line 466.
 1 SYSTEMPATH\Router\Router.php(466): CodeIgniter\Router\Exceptions\RouterException::forInvalidControllerName('\\App\\Controllers\\Auth/AuthController::login')
 2 SYSTEMPATH\Router\Router.php(181): CodeIgniter\Router\Router->checkRoutes('auth/login')
 3 SYSTEMPATH\CodeIgniter.php(773): CodeIgniter\Router\Router->handle('auth/login')
 4 SYSTEMPATH\CodeIgniter.php(417): CodeIgniter\CodeIgniter->tryToRouteIt(Object(CodeIgniter\Router\RouteCollection))
 5 SYSTEMPATH\CodeIgniter.php(351): CodeIgniter\CodeIgniter->handleRequest(null, Object(Config\Cache), false)
 6 FCPATH\index.php(55): CodeIgniter\CodeIgniter->run()
 7 SYSTEMPATH\Commands\Server\rewrite.php(43): require_once('FCPATH\\index.php')
CRITICAL - 2025-01-08 00:47:59 --> The namespace delimiter is a backslash (\), not a slash (/). Route handler: \App\Controllers\Auth/AuthController::login
in SYSTEMPATH\Router\Router.php on line 466.
 1 SYSTEMPATH\Router\Router.php(466): CodeIgniter\Router\Exceptions\RouterException::forInvalidControllerName('\\App\\Controllers\\Auth/AuthController::login')
 2 SYSTEMPATH\Router\Router.php(181): CodeIgniter\Router\Router->checkRoutes('auth/login')
 3 SYSTEMPATH\CodeIgniter.php(773): CodeIgniter\Router\Router->handle('auth/login')
 4 SYSTEMPATH\CodeIgniter.php(417): CodeIgniter\CodeIgniter->tryToRouteIt(Object(CodeIgniter\Router\RouteCollection))
 5 SYSTEMPATH\CodeIgniter.php(351): CodeIgniter\CodeIgniter->handleRequest(null, Object(Config\Cache), false)
 6 FCPATH\index.php(55): CodeIgniter\CodeIgniter->run()
 7 SYSTEMPATH\Commands\Server\rewrite.php(43): require_once('FCPATH\\index.php')
CRITICAL - 2025-01-08 01:07:03 --> Class "App\Controllers\Auth\BaseController" not found
in APPPATH\Controllers\Auth\AuthController.php on line 7.
 1 SYSTEMPATH\Autoloader\Autoloader.php(284): include_once()
 2 SYSTEMPATH\Autoloader\Autoloader.php(261): CodeIgniter\Autoloader\Autoloader->includeFile('APPPATH\\Controllers\\Auth\\AuthController.php')
 3 SYSTEMPATH\Autoloader\Autoloader.php(239): CodeIgniter\Autoloader\Autoloader->loadInNamespace('App\\Controllers\\Auth\\AuthController')
 4 [internal function]: CodeIgniter\Autoloader\Autoloader->loadClass('App\\Controllers\\Auth\\AuthController')
 5 SYSTEMPATH\CodeIgniter.php(848): class_exists('\\App\\Controllers\\Auth\\AuthController', true)
 6 SYSTEMPATH\CodeIgniter.php(455): CodeIgniter\CodeIgniter->startController()
 7 SYSTEMPATH\CodeIgniter.php(351): CodeIgniter\CodeIgniter->handleRequest(null, Object(Config\Cache), false)
 8 FCPATH\index.php(55): CodeIgniter\CodeIgniter->run()
 9 SYSTEMPATH\Commands\Server\rewrite.php(43): require_once('FCPATH\\index.php')
ERROR - 2025-01-08 01:39:34 --> Table 'kursus_mengemudi.courses' doesn't exist
CRITICAL - 2025-01-08 01:39:34 --> Table 'kursus_mengemudi.courses' doesn't exist
in SYSTEMPATH\Database\MySQLi\Connection.php on line 292.
 1 SYSTEMPATH\Database\MySQLi\Connection.php(292): mysqli->query('SELECT *
FROM `courses`', 0)
 2 SYSTEMPATH\Database\BaseConnection.php(678): CodeIgniter\Database\MySQLi\Connection->execute('SELECT *
FROM `courses`')
 3 SYSTEMPATH\Database\BaseConnection.php(606): CodeIgniter\Database\BaseConnection->simpleQuery('SELECT *
FROM `courses`')
 4 SYSTEMPATH\Database\BaseBuilder.php(1585): CodeIgniter\Database\BaseConnection->query('SELECT *
FROM `courses`', [], false)
 5 SYSTEMPATH\Model.php(222): CodeIgniter\Database\BaseBuilder->get()
 6 SYSTEMPATH\BaseModel.php(584): CodeIgniter\Model->doFindAll(0, 0)
 7 APPPATH\Controllers\CourseController.php(21): CodeIgniter\BaseModel->findAll()
 8 SYSTEMPATH\CodeIgniter.php(898): App\Controllers\CourseController->index()
 9 SYSTEMPATH\CodeIgniter.php(468): CodeIgniter\CodeIgniter->runController(Object(App\Controllers\CourseController))
10 SYSTEMPATH\CodeIgniter.php(351): CodeIgniter\CodeIgniter->handleRequest(null, Object(Config\Cache), false)
11 FCPATH\index.php(55): CodeIgniter\CodeIgniter->run()
12 SYSTEMPATH\Commands\Server\rewrite.php(43): require_once('FCPATH\\index.php')
ERROR - 2025-01-08 01:44:29 --> You have an error in your SQL syntax; check the manual that corresponds to your MariaDB server version for the right syntax to use near ') NOT NULL,
	`created_at` DATETIME NULL,
	`updated_at` DATETIME NULL,
	CONSTR...' at line 4
ERROR - 2025-01-08 01:45:43 --> You have an error in your SQL syntax; check the manual that corresponds to your MariaDB server version for the right syntax to use near ') NOT NULL,
	`created_at` DATETIME NULL,
	`updated_at` DATETIME NULL,
	CONSTR...' at line 4
ERROR - 2025-01-08 01:46:48 --> Unknown column 'name' in 'field list'
CRITICAL - 2025-01-08 01:46:48 --> Unknown column 'name' in 'field list'
in SYSTEMPATH\Database\MySQLi\Connection.php on line 292.
 1 SYSTEMPATH\Database\MySQLi\Connection.php(292): mysqli->query('INSERT INTO `courses` (`name`, `description`, `price`) VALUES (\'PAKET 4 HARI LANGSUNG HANDAL\', \'Paket ini paket belajar mengemudi\', 2000000)', 0)
 2 SYSTEMPATH\Database\BaseConnection.php(678): CodeIgniter\Database\MySQLi\Connection->execute('INSERT INTO `courses` (`name`, `description`, `price`) VALUES (\'PAKET 4 HARI LANGSUNG HANDAL\', \'Paket ini paket belajar mengemudi\', 2000000)')
 3 SYSTEMPATH\Database\BaseConnection.php(606): CodeIgniter\Database\BaseConnection->simpleQuery('INSERT INTO `courses` (`name`, `description`, `price`) VALUES (\'PAKET 4 HARI LANGSUNG HANDAL\', \'Paket ini paket belajar mengemudi\', 2000000)')
 4 SYSTEMPATH\Database\BaseBuilder.php(1904): CodeIgniter\Database\BaseConnection->query('INSERT INTO `courses` (`name`, `description`, `price`) VALUES (:name:, :description:, :price:)', [...], false)
 5 SYSTEMPATH\Model.php(278): CodeIgniter\Database\BaseBuilder->insert()
 6 SYSTEMPATH\BaseModel.php(738): CodeIgniter\Model->doInsert([...])
 7 SYSTEMPATH\Model.php(666): CodeIgniter\BaseModel->insert([...], false)
 8 SYSTEMPATH\BaseModel.php(658): CodeIgniter\Model->insert([...], false)
 9 APPPATH\Controllers\CourseController.php(39): CodeIgniter\BaseModel->save([...])
10 SYSTEMPATH\CodeIgniter.php(898): App\Controllers\CourseController->store()
11 SYSTEMPATH\CodeIgniter.php(468): CodeIgniter\CodeIgniter->runController(Object(App\Controllers\CourseController))
12 SYSTEMPATH\CodeIgniter.php(351): CodeIgniter\CodeIgniter->handleRequest(null, Object(Config\Cache), false)
13 FCPATH\index.php(55): CodeIgniter\CodeIgniter->run()
14 SYSTEMPATH\Commands\Server\rewrite.php(43): require_once('FCPATH\\index.php')
ERROR - 2025-01-08 01:47:34 --> You have an error in your SQL syntax; check the manual that corresponds to your MariaDB server version for the right syntax to use near '(255) NOT NULL,
	`description` TEXT NOT NULL,
	`price` DOUBLE NOT NULL,
	`cre...' at line 3
ERROR - 2025-01-08 01:48:31 --> Table 'kursus_mengemudi.instructors' doesn't exist
CRITICAL - 2025-01-08 01:48:31 --> Table 'kursus_mengemudi.instructors' doesn't exist
in SYSTEMPATH\Database\MySQLi\Connection.php on line 292.
 1 SYSTEMPATH\Database\MySQLi\Connection.php(292): mysqli->query('SELECT *
FROM `instructors`', 0)
 2 SYSTEMPATH\Database\BaseConnection.php(678): CodeIgniter\Database\MySQLi\Connection->execute('SELECT *
FROM `instructors`')
 3 SYSTEMPATH\Database\BaseConnection.php(606): CodeIgniter\Database\BaseConnection->simpleQuery('SELECT *
FROM `instructors`')
 4 SYSTEMPATH\Database\BaseBuilder.php(1585): CodeIgniter\Database\BaseConnection->query('SELECT *
FROM `instructors`', [], false)
 5 SYSTEMPATH\Model.php(222): CodeIgniter\Database\BaseBuilder->get()
 6 SYSTEMPATH\BaseModel.php(584): CodeIgniter\Model->doFindAll(0, 0)
 7 APPPATH\Controllers\InstructorController.php(19): CodeIgniter\BaseModel->findAll()
 8 SYSTEMPATH\CodeIgniter.php(898): App\Controllers\InstructorController->index()
 9 SYSTEMPATH\CodeIgniter.php(468): CodeIgniter\CodeIgniter->runController(Object(App\Controllers\InstructorController))
10 SYSTEMPATH\CodeIgniter.php(351): CodeIgniter\CodeIgniter->handleRequest(null, Object(Config\Cache), false)
11 FCPATH\index.php(55): CodeIgniter\CodeIgniter->run()
12 SYSTEMPATH\Commands\Server\rewrite.php(43): require_once('FCPATH\\index.php')
ERROR - 2025-01-08 02:00:44 --> Table 'kursus_mengemudi.schedules' doesn't exist
CRITICAL - 2025-01-08 02:00:44 --> Table 'kursus_mengemudi.schedules' doesn't exist
in SYSTEMPATH\Database\MySQLi\Connection.php on line 292.
 1 SYSTEMPATH\Database\MySQLi\Connection.php(292): mysqli->query('SELECT `schedules`.`id`, `courses`.`name` as `course_name`, `instructors`.`name` as `instructor_name`, `schedules`.`schedule_date`, `schedules`.`schedule_time`
FROM `schedules`
JOIN `courses` ON `courses`.`id` = `schedules`.`course_id`
JOIN `instructors` ON `instructors`.`id` = `schedules`.`instructor_id`', 0)
 2 SYSTEMPATH\Database\BaseConnection.php(678): CodeIgniter\Database\MySQLi\Connection->execute('SELECT `schedules`.`id`, `courses`.`name` as `course_name`, `instructors`.`name` as `instructor_name`, `schedules`.`schedule_date`, `schedules`.`schedule_time`
FROM `schedules`
JOIN `courses` ON `courses`.`id` = `schedules`.`course_id`
JOIN `instructors` ON `instructors`.`id` = `schedules`.`instructor_id`')
 3 SYSTEMPATH\Database\BaseConnection.php(606): CodeIgniter\Database\BaseConnection->simpleQuery('SELECT `schedules`.`id`, `courses`.`name` as `course_name`, `instructors`.`name` as `instructor_name`, `schedules`.`schedule_date`, `schedules`.`schedule_time`
FROM `schedules`
JOIN `courses` ON `courses`.`id` = `schedules`.`course_id`
JOIN `instructors` ON `instructors`.`id` = `schedules`.`instructor_id`')
 4 SYSTEMPATH\Database\BaseBuilder.php(1585): CodeIgniter\Database\BaseConnection->query('SELECT `schedules`.`id`, `courses`.`name` as `course_name`, `instructors`.`name` as `instructor_name`, `schedules`.`schedule_date`, `schedules`.`schedule_time`
FROM `schedules`
JOIN `courses` ON `courses`.`id` = `schedules`.`course_id`
JOIN `instructors` ON `instructors`.`id` = `schedules`.`instructor_id`', [], false)
 5 SYSTEMPATH\Model.php(222): CodeIgniter\Database\BaseBuilder->get()
 6 SYSTEMPATH\BaseModel.php(584): CodeIgniter\Model->doFindAll(0, 0)
 7 APPPATH\Models\ScheduleModel.php(22): CodeIgniter\BaseModel->findAll()
 8 APPPATH\Controllers\ScheduleController.php(28): App\Models\ScheduleModel->getSchedulesWithCourseAndInstructor()
 9 SYSTEMPATH\CodeIgniter.php(898): App\Controllers\ScheduleController->index()
10 SYSTEMPATH\CodeIgniter.php(468): CodeIgniter\CodeIgniter->runController(Object(App\Controllers\ScheduleController))
11 SYSTEMPATH\CodeIgniter.php(351): CodeIgniter\CodeIgniter->handleRequest(null, Object(Config\Cache), false)
12 FCPATH\index.php(55): CodeIgniter\CodeIgniter->run()
13 SYSTEMPATH\Commands\Server\rewrite.php(43): require_once('FCPATH\\index.php')
CRITICAL - 2025-01-08 02:08:00 --> Call to undefined method App\Models\ScheduleModel::getSchedulesWithCourseAndInstructor
in SYSTEMPATH\Model.php on line 773.
 1 APPPATH\Controllers\ScheduleController.php(28): CodeIgniter\Model->__call('getSchedulesWithCourseAndInstructor', [])
 2 SYSTEMPATH\CodeIgniter.php(898): App\Controllers\ScheduleController->index()
 3 SYSTEMPATH\CodeIgniter.php(468): CodeIgniter\CodeIgniter->runController(Object(App\Controllers\ScheduleController))
 4 SYSTEMPATH\CodeIgniter.php(351): CodeIgniter\CodeIgniter->handleRequest(null, Object(Config\Cache), false)
 5 FCPATH\index.php(55): CodeIgniter\CodeIgniter->run()
 6 SYSTEMPATH\Commands\Server\rewrite.php(43): require_once('FCPATH\\index.php')
CRITICAL - 2025-01-08 02:09:43 --> Undefined variable $data
in APPPATH\Controllers\ScheduleController.php on line 30.
 1 APPPATH\Controllers\ScheduleController.php(30): CodeIgniter\Debug\Exceptions->errorHandler(2, 'Undefined variable $data', 'APPPATH\\Controllers\\ScheduleController.php', 30)
 2 SYSTEMPATH\CodeIgniter.php(898): App\Controllers\ScheduleController->index()
 3 SYSTEMPATH\CodeIgniter.php(468): CodeIgniter\CodeIgniter->runController(Object(App\Controllers\ScheduleController))
 4 SYSTEMPATH\CodeIgniter.php(351): CodeIgniter\CodeIgniter->handleRequest(null, Object(Config\Cache), false)
 5 FCPATH\index.php(55): CodeIgniter\CodeIgniter->run()
 6 SYSTEMPATH\Commands\Server\rewrite.php(43): require_once('FCPATH\\index.php')
CRITICAL - 2025-01-08 02:10:11 --> Call to undefined method App\Models\ScheduleModel::getAll
in SYSTEMPATH\Model.php on line 773.
 1 APPPATH\Controllers\ScheduleController.php(28): CodeIgniter\Model->__call('getAll', [])
 2 SYSTEMPATH\CodeIgniter.php(898): App\Controllers\ScheduleController->index()
 3 SYSTEMPATH\CodeIgniter.php(468): CodeIgniter\CodeIgniter->runController(Object(App\Controllers\ScheduleController))
 4 SYSTEMPATH\CodeIgniter.php(351): CodeIgniter\CodeIgniter->handleRequest(null, Object(Config\Cache), false)
 5 FCPATH\index.php(55): CodeIgniter\CodeIgniter->run()
 6 SYSTEMPATH\Commands\Server\rewrite.php(43): require_once('FCPATH\\index.php')
CRITICAL - 2025-01-08 02:18:30 --> Undefined array key "course_name"
in APPPATH\Views\admin\schedules\index.php on line 30.
 1 APPPATH\Views\admin\schedules\index.php(30): CodeIgniter\Debug\Exceptions->errorHandler(2, 'Undefined array key "course_name"', 'APPPATH\\Views\\admin\\schedules\\index.php', 30)
 2 SYSTEMPATH\View\View.php(213): include('APPPATH\\Views\\admin\\schedules\\index.php')
 3 SYSTEMPATH\View\View.php(216): CodeIgniter\View\View->CodeIgniter\View\{closure}()
 4 SYSTEMPATH\Common.php(1135): CodeIgniter\View\View->render('admin/schedules/index', [], true)
 5 APPPATH\Controllers\ScheduleController.php(30): view('admin/schedules/index', [...])
 6 SYSTEMPATH\CodeIgniter.php(898): App\Controllers\ScheduleController->index()
 7 SYSTEMPATH\CodeIgniter.php(468): CodeIgniter\CodeIgniter->runController(Object(App\Controllers\ScheduleController))
 8 SYSTEMPATH\CodeIgniter.php(351): CodeIgniter\CodeIgniter->handleRequest(null, Object(Config\Cache), false)
 9 FCPATH\index.php(55): CodeIgniter\CodeIgniter->run()
10 SYSTEMPATH\Commands\Server\rewrite.php(43): require_once('FCPATH\\index.php')
CRITICAL - 2025-01-08 02:20:56 --> Undefined array key "name"
in APPPATH\Views\admin\schedules\index.php on line 30.
 1 APPPATH\Views\admin\schedules\index.php(30): CodeIgniter\Debug\Exceptions->errorHandler(2, 'Undefined array key "name"', 'APPPATH\\Views\\admin\\schedules\\index.php', 30)
 2 SYSTEMPATH\View\View.php(213): include('APPPATH\\Views\\admin\\schedules\\index.php')
 3 SYSTEMPATH\View\View.php(216): CodeIgniter\View\View->CodeIgniter\View\{closure}()
 4 SYSTEMPATH\Common.php(1135): CodeIgniter\View\View->render('admin/schedules/index', [], true)
 5 APPPATH\Controllers\ScheduleController.php(30): view('admin/schedules/index', [...])
 6 SYSTEMPATH\CodeIgniter.php(898): App\Controllers\ScheduleController->index()
 7 SYSTEMPATH\CodeIgniter.php(468): CodeIgniter\CodeIgniter->runController(Object(App\Controllers\ScheduleController))
 8 SYSTEMPATH\CodeIgniter.php(351): CodeIgniter\CodeIgniter->handleRequest(null, Object(Config\Cache), false)
 9 FCPATH\index.php(55): CodeIgniter\CodeIgniter->run()
10 SYSTEMPATH\Commands\Server\rewrite.php(43): require_once('FCPATH\\index.php')
CRITICAL - 2025-01-08 02:21:35 --> Attempt to read property "getCourse" on array
in APPPATH\Views\admin\schedules\index.php on line 30.
 1 APPPATH\Views\admin\schedules\index.php(30): CodeIgniter\Debug\Exceptions->errorHandler(2, 'Attempt to read property "getCourse" on array', 'APPPATH\\Views\\admin\\schedules\\index.php', 30)
 2 SYSTEMPATH\View\View.php(213): include('APPPATH\\Views\\admin\\schedules\\index.php')
 3 SYSTEMPATH\View\View.php(216): CodeIgniter\View\View->CodeIgniter\View\{closure}()
 4 SYSTEMPATH\Common.php(1135): CodeIgniter\View\View->render('admin/schedules/index', [], true)
 5 APPPATH\Controllers\ScheduleController.php(30): view('admin/schedules/index', [...])
 6 SYSTEMPATH\CodeIgniter.php(898): App\Controllers\ScheduleController->index()
 7 SYSTEMPATH\CodeIgniter.php(468): CodeIgniter\CodeIgniter->runController(Object(App\Controllers\ScheduleController))
 8 SYSTEMPATH\CodeIgniter.php(351): CodeIgniter\CodeIgniter->handleRequest(null, Object(Config\Cache), false)
 9 FCPATH\index.php(55): CodeIgniter\CodeIgniter->run()
10 SYSTEMPATH\Commands\Server\rewrite.php(43): require_once('FCPATH\\index.php')
CRITICAL - 2025-01-08 02:21:57 --> Attempt to read property "getCourse" on array
in APPPATH\Views\admin\schedules\index.php on line 30.
 1 APPPATH\Views\admin\schedules\index.php(30): CodeIgniter\Debug\Exceptions->errorHandler(2, 'Attempt to read property "getCourse" on array', 'APPPATH\\Views\\admin\\schedules\\index.php', 30)
 2 SYSTEMPATH\View\View.php(213): include('APPPATH\\Views\\admin\\schedules\\index.php')
 3 SYSTEMPATH\View\View.php(216): CodeIgniter\View\View->CodeIgniter\View\{closure}()
 4 SYSTEMPATH\Common.php(1135): CodeIgniter\View\View->render('admin/schedules/index', [], true)
 5 APPPATH\Controllers\ScheduleController.php(30): view('admin/schedules/index', [...])
 6 SYSTEMPATH\CodeIgniter.php(898): App\Controllers\ScheduleController->index()
 7 SYSTEMPATH\CodeIgniter.php(468): CodeIgniter\CodeIgniter->runController(Object(App\Controllers\ScheduleController))
 8 SYSTEMPATH\CodeIgniter.php(351): CodeIgniter\CodeIgniter->handleRequest(null, Object(Config\Cache), false)
 9 FCPATH\index.php(55): CodeIgniter\CodeIgniter->run()
10 SYSTEMPATH\Commands\Server\rewrite.php(43): require_once('FCPATH\\index.php')
CRITICAL - 2025-01-08 02:24:59 --> Undefined variable $schedules
in APPPATH\Controllers\ScheduleController.php on line 28.
 1 APPPATH\Controllers\ScheduleController.php(28): CodeIgniter\Debug\Exceptions->errorHandler(2, 'Undefined variable $schedules', 'APPPATH\\Controllers\\ScheduleController.php', 28)
 2 SYSTEMPATH\CodeIgniter.php(898): App\Controllers\ScheduleController->index()
 3 SYSTEMPATH\CodeIgniter.php(468): CodeIgniter\CodeIgniter->runController(Object(App\Controllers\ScheduleController))
 4 SYSTEMPATH\CodeIgniter.php(351): CodeIgniter\CodeIgniter->handleRequest(null, Object(Config\Cache), false)
 5 FCPATH\index.php(55): CodeIgniter\CodeIgniter->run()
 6 SYSTEMPATH\Commands\Server\rewrite.php(43): require_once('FCPATH\\index.php')
CRITICAL - 2025-01-08 02:26:11 --> Undefined variable $schedules
in APPPATH\Controllers\ScheduleController.php on line 28.
 1 APPPATH\Controllers\ScheduleController.php(28): CodeIgniter\Debug\Exceptions->errorHandler(2, 'Undefined variable $schedules', 'APPPATH\\Controllers\\ScheduleController.php', 28)
 2 SYSTEMPATH\CodeIgniter.php(898): App\Controllers\ScheduleController->index()
 3 SYSTEMPATH\CodeIgniter.php(468): CodeIgniter\CodeIgniter->runController(Object(App\Controllers\ScheduleController))
 4 SYSTEMPATH\CodeIgniter.php(351): CodeIgniter\CodeIgniter->handleRequest(null, Object(Config\Cache), false)
 5 FCPATH\index.php(55): CodeIgniter\CodeIgniter->run()
 6 SYSTEMPATH\Commands\Server\rewrite.php(43): require_once('FCPATH\\index.php')
CRITICAL - 2025-01-08 02:27:04 --> Undefined variable $schedules
in APPPATH\Controllers\ScheduleController.php on line 28.
 1 APPPATH\Controllers\ScheduleController.php(28): CodeIgniter\Debug\Exceptions->errorHandler(2, 'Undefined variable $schedules', 'APPPATH\\Controllers\\ScheduleController.php', 28)
 2 SYSTEMPATH\CodeIgniter.php(898): App\Controllers\ScheduleController->index()
 3 SYSTEMPATH\CodeIgniter.php(468): CodeIgniter\CodeIgniter->runController(Object(App\Controllers\ScheduleController))
 4 SYSTEMPATH\CodeIgniter.php(351): CodeIgniter\CodeIgniter->handleRequest(null, Object(Config\Cache), false)
 5 FCPATH\index.php(55): CodeIgniter\CodeIgniter->run()
 6 SYSTEMPATH\Commands\Server\rewrite.php(43): require_once('FCPATH\\index.php')
CRITICAL - 2025-01-08 02:37:37 --> Class "App\Controllers\Auth\BaseController" not found
in APPPATH\Controllers\Admin\AdminController.php on line 7.
 1 SYSTEMPATH\Autoloader\Autoloader.php(284): include_once()
 2 SYSTEMPATH\Autoloader\Autoloader.php(261): CodeIgniter\Autoloader\Autoloader->includeFile('APPPATH\\Controllers\\Admin\\AdminController.php')
 3 SYSTEMPATH\Autoloader\Autoloader.php(239): CodeIgniter\Autoloader\Autoloader->loadInNamespace('App\\Controllers\\Admin\\AdminController')
 4 [internal function]: CodeIgniter\Autoloader\Autoloader->loadClass('App\\Controllers\\Admin\\AdminController')
 5 SYSTEMPATH\CodeIgniter.php(848): class_exists('\\App\\Controllers\\Admin\\AdminController', true)
 6 SYSTEMPATH\CodeIgniter.php(455): CodeIgniter\CodeIgniter->startController()
 7 SYSTEMPATH\CodeIgniter.php(351): CodeIgniter\CodeIgniter->handleRequest(null, Object(Config\Cache), false)
 8 FCPATH\index.php(55): CodeIgniter\CodeIgniter->run()
 9 SYSTEMPATH\Commands\Server\rewrite.php(43): require_once('FCPATH\\index.php')
