CRITICAL - 2025-01-09 07:55:09 --> Undefined variable $courses
in APPPATH\Views\welcome_message.php on line 122.
 1 APPPATH\Views\welcome_message.php(122): CodeIgniter\Debug\Exceptions->errorHandler(2, 'Undefined variable $courses', 'APPPATH\\Views\\welcome_message.php', 122)
 2 SYSTEMPATH\View\View.php(213): include('APPPATH\\Views\\welcome_message.php')
 3 SYSTEMPATH\View\View.php(216): CodeIgniter\View\View->CodeIgniter\View\{closure}()
 4 SYSTEMPATH\Common.php(1135): CodeIgniter\View\View->render('welcome_message', [...], true)
 5 APPPATH\Controllers\Home.php(27): view('welcome_message', [...], [...])
 6 SYSTEMPATH\CodeIgniter.php(898): App\Controllers\Home->index()
 7 SYSTEMPATH\CodeIgniter.php(468): CodeIgniter\CodeIgniter->runController(Object(App\Controllers\Home))
 8 SYSTEMPATH\CodeIgniter.php(351): CodeIgniter\CodeIgniter->handleRequest(null, Object(Config\Cache), false)
 9 FCPATH\index.php(55): CodeIgniter\CodeIgniter->run()
10 SYSTEMPATH\Commands\Server\rewrite.php(43): require_once('FCPATH\\index.php')
CRITICAL - 2025-01-09 07:59:22 --> Undefined array key "name"
in APPPATH\Views\welcome_message.php on line 128.
 1 APPPATH\Views\welcome_message.php(128): CodeIgniter\Debug\Exceptions->errorHandler(2, 'Undefined array key "name"', 'APPPATH\\Views\\welcome_message.php', 128)
 2 SYSTEMPATH\View\View.php(213): include('APPPATH\\Views\\welcome_message.php')
 3 SYSTEMPATH\View\View.php(216): CodeIgniter\View\View->CodeIgniter\View\{closure}()
 4 SYSTEMPATH\Common.php(1135): CodeIgniter\View\View->render('welcome_message', [], true)
 5 APPPATH\Controllers\Home.php(30): view('welcome_message', [...])
 6 SYSTEMPATH\CodeIgniter.php(898): App\Controllers\Home->index()
 7 SYSTEMPATH\CodeIgniter.php(468): CodeIgniter\CodeIgniter->runController(Object(App\Controllers\Home))
 8 SYSTEMPATH\CodeIgniter.php(351): CodeIgniter\CodeIgniter->handleRequest(null, Object(Config\Cache), false)
 9 FCPATH\index.php(55): CodeIgniter\CodeIgniter->run()
10 SYSTEMPATH\Commands\Server\rewrite.php(43): require_once('FCPATH\\index.php')
CRITICAL - 2025-01-09 08:20:40 --> syntax error, unexpected end of file
in APPPATH\Views\welcome_message.php on line 335.
 1 SYSTEMPATH\View\View.php(216): CodeIgniter\View\View->CodeIgniter\View\{closure}()
 2 SYSTEMPATH\Common.php(1135): CodeIgniter\View\View->render('welcome_message', [], true)
 3 APPPATH\Controllers\Home.php(30): view('welcome_message', [...])
 4 SYSTEMPATH\CodeIgniter.php(898): App\Controllers\Home->index()
 5 SYSTEMPATH\CodeIgniter.php(468): CodeIgniter\CodeIgniter->runController(Object(App\Controllers\Home))
 6 SYSTEMPATH\CodeIgniter.php(351): CodeIgniter\CodeIgniter->handleRequest(null, Object(Config\Cache), false)
 7 FCPATH\index.php(55): CodeIgniter\CodeIgniter->run()
 8 SYSTEMPATH\Commands\Server\rewrite.php(43): require_once('FCPATH\\index.php')
CRITICAL - 2025-01-09 08:24:44 --> Undefined property: stdClass::$name
in APPPATH\Views\admin\register\index.php on line 32.
 1 APPPATH\Views\admin\register\index.php(32): CodeIgniter\Debug\Exceptions->errorHandler(2, 'Undefined property: stdClass::$name', 'APPPATH\\Views\\admin\\register\\index.php', 32)
 2 SYSTEMPATH\View\View.php(213): include('APPPATH\\Views\\admin\\register\\index.php')
 3 SYSTEMPATH\View\View.php(216): CodeIgniter\View\View->CodeIgniter\View\{closure}()
 4 SYSTEMPATH\Common.php(1135): CodeIgniter\View\View->render('admin/register/index', [], true)
 5 APPPATH\Controllers\Admin\RegisterController.php(22): view('admin/register/index', [...])
 6 SYSTEMPATH\CodeIgniter.php(898): App\Controllers\Admin\RegisterController->index()
 7 SYSTEMPATH\CodeIgniter.php(468): CodeIgniter\CodeIgniter->runController(Object(App\Controllers\Admin\RegisterController))
 8 SYSTEMPATH\CodeIgniter.php(351): CodeIgniter\CodeIgniter->handleRequest(null, Object(Config\Cache), false)
 9 FCPATH\index.php(55): CodeIgniter\CodeIgniter->run()
10 SYSTEMPATH\Commands\Server\rewrite.php(43): require_once('FCPATH\\index.php')
CRITICAL - 2025-01-09 08:28:33 --> Undefined variable $schedule
in APPPATH\Views\admin\register\index.php on line 34.
 1 APPPATH\Views\admin\register\index.php(34): CodeIgniter\Debug\Exceptions->errorHandler(2, 'Undefined variable $schedule', 'APPPATH\\Views\\admin\\register\\index.php', 34)
 2 SYSTEMPATH\View\View.php(213): include('APPPATH\\Views\\admin\\register\\index.php')
 3 SYSTEMPATH\View\View.php(216): CodeIgniter\View\View->CodeIgniter\View\{closure}()
 4 SYSTEMPATH\Common.php(1135): CodeIgniter\View\View->render('admin/register/index', [], true)
 5 APPPATH\Controllers\Admin\RegisterController.php(22): view('admin/register/index', [...])
 6 SYSTEMPATH\CodeIgniter.php(898): App\Controllers\Admin\RegisterController->index()
 7 SYSTEMPATH\CodeIgniter.php(468): CodeIgniter\CodeIgniter->runController(Object(App\Controllers\Admin\RegisterController))
 8 SYSTEMPATH\CodeIgniter.php(351): CodeIgniter\CodeIgniter->handleRequest(null, Object(Config\Cache), false)
 9 FCPATH\index.php(55): CodeIgniter\CodeIgniter->run()
10 SYSTEMPATH\Commands\Server\rewrite.php(43): require_once('FCPATH\\index.php')
CRITICAL - 2025-01-09 08:35:12 --> Undefined property: stdClass::$name
in APPPATH\Views\admin\register\index.php on line 32.
 1 APPPATH\Views\admin\register\index.php(32): CodeIgniter\Debug\Exceptions->errorHandler(2, 'Undefined property: stdClass::$name', 'APPPATH\\Views\\admin\\register\\index.php', 32)
 2 SYSTEMPATH\View\View.php(213): include('APPPATH\\Views\\admin\\register\\index.php')
 3 SYSTEMPATH\View\View.php(216): CodeIgniter\View\View->CodeIgniter\View\{closure}()
 4 SYSTEMPATH\Common.php(1135): CodeIgniter\View\View->render('admin/register/index', [], true)
 5 APPPATH\Controllers\Admin\RegisterController.php(22): view('admin/register/index', [...])
 6 SYSTEMPATH\CodeIgniter.php(898): App\Controllers\Admin\RegisterController->index()
 7 SYSTEMPATH\CodeIgniter.php(468): CodeIgniter\CodeIgniter->runController(Object(App\Controllers\Admin\RegisterController))
 8 SYSTEMPATH\CodeIgniter.php(351): CodeIgniter\CodeIgniter->handleRequest(null, Object(Config\Cache), false)
 9 FCPATH\index.php(55): CodeIgniter\CodeIgniter->run()
10 SYSTEMPATH\Commands\Server\rewrite.php(43): require_once('FCPATH\\index.php')
CRITICAL - 2025-01-09 08:35:55 --> Undefined property: stdClass::$name
in APPPATH\Views\admin\register\index.php on line 32.
 1 APPPATH\Views\admin\register\index.php(32): CodeIgniter\Debug\Exceptions->errorHandler(2, 'Undefined property: stdClass::$name', 'APPPATH\\Views\\admin\\register\\index.php', 32)
 2 SYSTEMPATH\View\View.php(213): include('APPPATH\\Views\\admin\\register\\index.php')
 3 SYSTEMPATH\View\View.php(216): CodeIgniter\View\View->CodeIgniter\View\{closure}()
 4 SYSTEMPATH\Common.php(1135): CodeIgniter\View\View->render('admin/register/index', [], true)
 5 APPPATH\Controllers\Admin\RegisterController.php(22): view('admin/register/index', [...])
 6 SYSTEMPATH\CodeIgniter.php(898): App\Controllers\Admin\RegisterController->index()
 7 SYSTEMPATH\CodeIgniter.php(468): CodeIgniter\CodeIgniter->runController(Object(App\Controllers\Admin\RegisterController))
 8 SYSTEMPATH\CodeIgniter.php(351): CodeIgniter\CodeIgniter->handleRequest(null, Object(Config\Cache), false)
 9 FCPATH\index.php(55): CodeIgniter\CodeIgniter->run()
10 SYSTEMPATH\Commands\Server\rewrite.php(43): require_once('FCPATH\\index.php')
CRITICAL - 2025-01-09 08:53:08 --> Undefined property: stdClass::$name
in APPPATH\Views\admin\register\index.php on line 32.
 1 APPPATH\Views\admin\register\index.php(32): CodeIgniter\Debug\Exceptions->errorHandler(2, 'Undefined property: stdClass::$name', 'APPPATH\\Views\\admin\\register\\index.php', 32)
 2 SYSTEMPATH\View\View.php(213): include('APPPATH\\Views\\admin\\register\\index.php')
 3 SYSTEMPATH\View\View.php(216): CodeIgniter\View\View->CodeIgniter\View\{closure}()
 4 SYSTEMPATH\Common.php(1135): CodeIgniter\View\View->render('admin/register/index', [], true)
 5 APPPATH\Controllers\Admin\RegisterController.php(22): view('admin/register/index', [...])
 6 SYSTEMPATH\CodeIgniter.php(898): App\Controllers\Admin\RegisterController->index()
 7 SYSTEMPATH\CodeIgniter.php(468): CodeIgniter\CodeIgniter->runController(Object(App\Controllers\Admin\RegisterController))
 8 SYSTEMPATH\CodeIgniter.php(351): CodeIgniter\CodeIgniter->handleRequest(null, Object(Config\Cache), false)
 9 FCPATH\index.php(55): CodeIgniter\CodeIgniter->run()
10 SYSTEMPATH\Commands\Server\rewrite.php(43): require_once('FCPATH\\index.php')
CRITICAL - 2025-01-09 08:55:07 --> Cannot use object of type stdClass as array
in APPPATH\Views\admin\register\index.php on line 32.
 1 SYSTEMPATH\View\View.php(213): include()
 2 SYSTEMPATH\View\View.php(216): CodeIgniter\View\View->CodeIgniter\View\{closure}()
 3 SYSTEMPATH\Common.php(1135): CodeIgniter\View\View->render('admin/register/index', [], true)
 4 APPPATH\Controllers\Admin\RegisterController.php(22): view('admin/register/index', [...])
 5 SYSTEMPATH\CodeIgniter.php(898): App\Controllers\Admin\RegisterController->index()
 6 SYSTEMPATH\CodeIgniter.php(468): CodeIgniter\CodeIgniter->runController(Object(App\Controllers\Admin\RegisterController))
 7 SYSTEMPATH\CodeIgniter.php(351): CodeIgniter\CodeIgniter->handleRequest(null, Object(Config\Cache), false)
 8 FCPATH\index.php(55): CodeIgniter\CodeIgniter->run()
 9 SYSTEMPATH\Commands\Server\rewrite.php(43): require_once('FCPATH\\index.php')
CRITICAL - 2025-01-09 08:56:04 --> Cannot use object of type stdClass as array
in APPPATH\Views\admin\register\index.php on line 32.
 1 SYSTEMPATH\View\View.php(213): include()
 2 SYSTEMPATH\View\View.php(216): CodeIgniter\View\View->CodeIgniter\View\{closure}()
 3 SYSTEMPATH\Common.php(1135): CodeIgniter\View\View->render('admin/register/index', [], true)
 4 APPPATH\Controllers\Admin\RegisterController.php(22): view('admin/register/index', [...])
 5 SYSTEMPATH\CodeIgniter.php(898): App\Controllers\Admin\RegisterController->index()
 6 SYSTEMPATH\CodeIgniter.php(468): CodeIgniter\CodeIgniter->runController(Object(App\Controllers\Admin\RegisterController))
 7 SYSTEMPATH\CodeIgniter.php(351): CodeIgniter\CodeIgniter->handleRequest(null, Object(Config\Cache), false)
 8 FCPATH\index.php(55): CodeIgniter\CodeIgniter->run()
 9 SYSTEMPATH\Commands\Server\rewrite.php(43): require_once('FCPATH\\index.php')
CRITICAL - 2025-01-09 08:58:06 --> Undefined array key "name"
in APPPATH\Views\admin\register\index.php on line 32.
 1 APPPATH\Views\admin\register\index.php(32): CodeIgniter\Debug\Exceptions->errorHandler(2, 'Undefined array key "name"', 'APPPATH\\Views\\admin\\register\\index.php', 32)
 2 SYSTEMPATH\View\View.php(213): include('APPPATH\\Views\\admin\\register\\index.php')
 3 SYSTEMPATH\View\View.php(216): CodeIgniter\View\View->CodeIgniter\View\{closure}()
 4 SYSTEMPATH\Common.php(1135): CodeIgniter\View\View->render('admin/register/index', [], true)
 5 APPPATH\Controllers\Admin\RegisterController.php(22): view('admin/register/index', [...])
 6 SYSTEMPATH\CodeIgniter.php(898): App\Controllers\Admin\RegisterController->index()
 7 SYSTEMPATH\CodeIgniter.php(468): CodeIgniter\CodeIgniter->runController(Object(App\Controllers\Admin\RegisterController))
 8 SYSTEMPATH\CodeIgniter.php(351): CodeIgniter\CodeIgniter->handleRequest(null, Object(Config\Cache), false)
 9 FCPATH\index.php(55): CodeIgniter\CodeIgniter->run()
10 SYSTEMPATH\Commands\Server\rewrite.php(43): require_once('FCPATH\\index.php')
CRITICAL - 2025-01-09 09:20:04 --> Class "App\Controllers\Admin\ScheduleModel" not found
in APPPATH\Controllers\Admin\RegisterController.php on line 13.
 1 SYSTEMPATH\CodeIgniter.php(898): App\Controllers\Admin\RegisterController->index()
 2 SYSTEMPATH\CodeIgniter.php(468): CodeIgniter\CodeIgniter->runController(Object(App\Controllers\Admin\RegisterController))
 3 SYSTEMPATH\CodeIgniter.php(351): CodeIgniter\CodeIgniter->handleRequest(null, Object(Config\Cache), false)
 4 FCPATH\index.php(55): CodeIgniter\CodeIgniter->run()
 5 SYSTEMPATH\Commands\Server\rewrite.php(43): require_once('FCPATH\\index.php')
CRITICAL - 2025-01-09 09:20:18 --> Undefined variable $registerData
in APPPATH\Controllers\Admin\RegisterController.php on line 22.
 1 APPPATH\Controllers\Admin\RegisterController.php(22): CodeIgniter\Debug\Exceptions->errorHandler(2, 'Undefined variable $registerData', 'APPPATH\\Controllers\\Admin\\RegisterController.php', 22)
 2 SYSTEMPATH\CodeIgniter.php(898): App\Controllers\Admin\RegisterController->index()
 3 SYSTEMPATH\CodeIgniter.php(468): CodeIgniter\CodeIgniter->runController(Object(App\Controllers\Admin\RegisterController))
 4 SYSTEMPATH\CodeIgniter.php(351): CodeIgniter\CodeIgniter->handleRequest(null, Object(Config\Cache), false)
 5 FCPATH\index.php(55): CodeIgniter\CodeIgniter->run()
 6 SYSTEMPATH\Commands\Server\rewrite.php(43): require_once('FCPATH\\index.php')
CRITICAL - 2025-01-09 09:20:33 --> Undefined array key "schedule_id"
in APPPATH\Controllers\Admin\RegisterController.php on line 22.
 1 APPPATH\Controllers\Admin\RegisterController.php(22): CodeIgniter\Debug\Exceptions->errorHandler(2, 'Undefined array key "schedule_id"', 'APPPATH\\Controllers\\Admin\\RegisterController.php', 22)
 2 SYSTEMPATH\CodeIgniter.php(898): App\Controllers\Admin\RegisterController->index()
 3 SYSTEMPATH\CodeIgniter.php(468): CodeIgniter\CodeIgniter->runController(Object(App\Controllers\Admin\RegisterController))
 4 SYSTEMPATH\CodeIgniter.php(351): CodeIgniter\CodeIgniter->handleRequest(null, Object(Config\Cache), false)
 5 FCPATH\index.php(55): CodeIgniter\CodeIgniter->run()
 6 SYSTEMPATH\Commands\Server\rewrite.php(43): require_once('FCPATH\\index.php')
CRITICAL - 2025-01-09 09:22:05 --> Undefined variable $registerModel
in APPPATH\Controllers\Admin\RegisterController.php on line 15.
 1 APPPATH\Controllers\Admin\RegisterController.php(15): CodeIgniter\Debug\Exceptions->errorHandler(2, 'Undefined variable $registerModel', 'APPPATH\\Controllers\\Admin\\RegisterController.php', 15)
 2 SYSTEMPATH\CodeIgniter.php(898): App\Controllers\Admin\RegisterController->index()
 3 SYSTEMPATH\CodeIgniter.php(468): CodeIgniter\CodeIgniter->runController(Object(App\Controllers\Admin\RegisterController))
 4 SYSTEMPATH\CodeIgniter.php(351): CodeIgniter\CodeIgniter->handleRequest(null, Object(Config\Cache), false)
 5 FCPATH\index.php(55): CodeIgniter\CodeIgniter->run()
 6 SYSTEMPATH\Commands\Server\rewrite.php(43): require_once('FCPATH\\index.php')
CRITICAL - 2025-01-09 09:22:20 --> Undefined array key "getSchedule"
in APPPATH\Views\admin\register\index.php on line 32.
 1 APPPATH\Views\admin\register\index.php(32): CodeIgniter\Debug\Exceptions->errorHandler(2, 'Undefined array key "getSchedule"', 'APPPATH\\Views\\admin\\register\\index.php', 32)
 2 SYSTEMPATH\View\View.php(213): include('APPPATH\\Views\\admin\\register\\index.php')
 3 SYSTEMPATH\View\View.php(216): CodeIgniter\View\View->CodeIgniter\View\{closure}()
 4 SYSTEMPATH\Common.php(1135): CodeIgniter\View\View->render('admin/register/index', [], true)
 5 APPPATH\Controllers\Admin\RegisterController.php(37): view('admin/register/index', [...])
 6 SYSTEMPATH\CodeIgniter.php(898): App\Controllers\Admin\RegisterController->index()
 7 SYSTEMPATH\CodeIgniter.php(468): CodeIgniter\CodeIgniter->runController(Object(App\Controllers\Admin\RegisterController))
 8 SYSTEMPATH\CodeIgniter.php(351): CodeIgniter\CodeIgniter->handleRequest(null, Object(Config\Cache), false)
 9 FCPATH\index.php(55): CodeIgniter\CodeIgniter->run()
10 SYSTEMPATH\Commands\Server\rewrite.php(43): require_once('FCPATH\\index.php')
CRITICAL - 2025-01-09 09:25:25 --> Undefined array key "getSchedule"
in APPPATH\Views\admin\register\index.php on line 32.
 1 APPPATH\Views\admin\register\index.php(32): CodeIgniter\Debug\Exceptions->errorHandler(2, 'Undefined array key "getSchedule"', 'APPPATH\\Views\\admin\\register\\index.php', 32)
 2 SYSTEMPATH\View\View.php(213): include('APPPATH\\Views\\admin\\register\\index.php')
 3 SYSTEMPATH\View\View.php(216): CodeIgniter\View\View->CodeIgniter\View\{closure}()
 4 SYSTEMPATH\Common.php(1135): CodeIgniter\View\View->render('admin/register/index', [], true)
 5 APPPATH\Controllers\Admin\RegisterController.php(21): view('admin/register/index', [...])
 6 SYSTEMPATH\CodeIgniter.php(898): App\Controllers\Admin\RegisterController->index()
 7 SYSTEMPATH\CodeIgniter.php(468): CodeIgniter\CodeIgniter->runController(Object(App\Controllers\Admin\RegisterController))
 8 SYSTEMPATH\CodeIgniter.php(351): CodeIgniter\CodeIgniter->handleRequest(null, Object(Config\Cache), false)
 9 FCPATH\index.php(55): CodeIgniter\CodeIgniter->run()
10 SYSTEMPATH\Commands\Server\rewrite.php(43): require_once('FCPATH\\index.php')
CRITICAL - 2025-01-09 09:29:24 --> Undefined array key "schedule_time"
in APPPATH\Views\admin\register\index.php on line 32.
 1 APPPATH\Views\admin\register\index.php(32): CodeIgniter\Debug\Exceptions->errorHandler(2, 'Undefined array key "schedule_time"', 'APPPATH\\Views\\admin\\register\\index.php', 32)
 2 SYSTEMPATH\View\View.php(213): include('APPPATH\\Views\\admin\\register\\index.php')
 3 SYSTEMPATH\View\View.php(216): CodeIgniter\View\View->CodeIgniter\View\{closure}()
 4 SYSTEMPATH\Common.php(1135): CodeIgniter\View\View->render('admin/register/index', [], true)
 5 APPPATH\Controllers\Admin\RegisterController.php(21): view('admin/register/index', [...])
 6 SYSTEMPATH\CodeIgniter.php(898): App\Controllers\Admin\RegisterController->index()
 7 SYSTEMPATH\CodeIgniter.php(468): CodeIgniter\CodeIgniter->runController(Object(App\Controllers\Admin\RegisterController))
 8 SYSTEMPATH\CodeIgniter.php(351): CodeIgniter\CodeIgniter->handleRequest(null, Object(Config\Cache), false)
 9 FCPATH\index.php(55): CodeIgniter\CodeIgniter->run()
10 SYSTEMPATH\Commands\Server\rewrite.php(43): require_once('FCPATH\\index.php')
CRITICAL - 2025-01-09 10:31:19 --> Unmatched ')'
in APPPATH\Views\admin\register\index.php on line 40.
 1 SYSTEMPATH\View\View.php(216): CodeIgniter\View\View->CodeIgniter\View\{closure}()
 2 SYSTEMPATH\Common.php(1135): CodeIgniter\View\View->render('admin/register/index', [], true)
 3 APPPATH\Controllers\Admin\RegisterController.php(21): view('admin/register/index', [...])
 4 SYSTEMPATH\CodeIgniter.php(898): App\Controllers\Admin\RegisterController->index()
 5 SYSTEMPATH\CodeIgniter.php(468): CodeIgniter\CodeIgniter->runController(Object(App\Controllers\Admin\RegisterController))
 6 SYSTEMPATH\CodeIgniter.php(351): CodeIgniter\CodeIgniter->handleRequest(null, Object(Config\Cache), false)
 7 FCPATH\index.php(55): CodeIgniter\CodeIgniter->run()
 8 SYSTEMPATH\Commands\Server\rewrite.php(43): require_once('FCPATH\\index.php')
CRITICAL - 2025-01-09 10:46:44 --> Undefined variable $course
in APPPATH\Views\admin\register\index.php on line 42.
 1 APPPATH\Views\admin\register\index.php(42): CodeIgniter\Debug\Exceptions->errorHandler(2, 'Undefined variable $course', 'APPPATH\\Views\\admin\\register\\index.php', 42)
 2 SYSTEMPATH\View\View.php(213): include('APPPATH\\Views\\admin\\register\\index.php')
 3 SYSTEMPATH\View\View.php(216): CodeIgniter\View\View->CodeIgniter\View\{closure}()
 4 SYSTEMPATH\Common.php(1135): CodeIgniter\View\View->render('admin/register/index', [], true)
 5 APPPATH\Controllers\Admin\RegisterController.php(21): view('admin/register/index', [...])
 6 SYSTEMPATH\CodeIgniter.php(898): App\Controllers\Admin\RegisterController->index()
 7 SYSTEMPATH\CodeIgniter.php(468): CodeIgniter\CodeIgniter->runController(Object(App\Controllers\Admin\RegisterController))
 8 SYSTEMPATH\CodeIgniter.php(351): CodeIgniter\CodeIgniter->handleRequest(null, Object(Config\Cache), false)
 9 FCPATH\index.php(55): CodeIgniter\CodeIgniter->run()
10 SYSTEMPATH\Commands\Server\rewrite.php(43): require_once('FCPATH\\index.php')
